#
# There is insufficient memory for the Java Runtime Environment to continue.
# Native memory allocation (mmap) failed to map 123731968 bytes for G1 virtual space
# Possible reasons:
#   The system is out of physical RAM or swap space
#   The process is running with CompressedOops enabled, and the Java Heap may be blocking the growth of the native heap
# Possible solutions:
#   Reduce memory load on the system
#   Increase physical memory or swap space
#   Check if swap backing store is full
#   Decrease Java heap size (-Xmx/-Xms)
#   Decrease number of Java threads
#   Decrease Java thread stack sizes (-Xss)
#   Set larger code cache with -XX:ReservedCodeCacheSize=
#   JVM is running with Unscaled Compressed Oops mode in which the Java heap is
#     placed in the first 4GB address space. The Java Heap base address is the
#     maximum limit for the native heap growth. Please use -XX:HeapBaseMinAddress
#     to set the Java Heap base and to place the Java Heap above 4GB virtual address.
# This output file may be truncated or incomplete.
#
#  Out of Memory Error (os_windows.cpp:3528), pid=43424, tid=32968
#
# JRE version:  (20.0.1+9) (build )
# Java VM: Java HotSpot(TM) 64-Bit Server VM (20.0.1+9-29, mixed mode, sharing, tiered, compressed oops, compressed class ptrs, g1 gc, windows-amd64)
# No core dump will be written. Minidumps are not enabled by default on client versions of Windows
#

---------------  S U M M A R Y ------------

Command Line: -Dclassworlds.conf=C:\apache-maven-3.9.3\bin\m2.conf -Dmaven.home=C:\apache-maven-3.9.3 -Dlibrary.jansi.path=C:\apache-maven-3.9.3\lib\jansi-native -Dmaven.multiModuleProjectDirectory=C:\sts\petshop\PetShop org.codehaus.plexus.classworlds.launcher.Launcher clean install -X

Host: AMD Ryzen 5 5600U with Radeon Graphics         , 12 cores, 7G,  Windows 11 , 64 bit Build 22621 (10.0.22621.2070)
Time: Wed Aug 16 02:41:50 2023 Hora est. Sudamérica Pacífico elapsed time: 0.076964 seconds (0d 0h 0m 0s)

---------------  T H R E A D  ---------------

Current thread (0x0000027f5c6aae30):  JavaThread "Unknown thread" [_thread_in_vm, id=32968, stack(0x00000080f1c00000,0x00000080f1d00000)]

Stack: [0x00000080f1c00000,0x00000080f1d00000]
Native frames: (J=compiled Java code, j=interpreted, Vv=VM code, C=native code)
V  [jvm.dll+0x6bb95a]
V  [jvm.dll+0x8485fa]
V  [jvm.dll+0x84a1f5]
V  [jvm.dll+0x84a8f3]
V  [jvm.dll+0x280b0f]
V  [jvm.dll+0x6b86e9]
V  [jvm.dll+0x6ad2da]
V  [jvm.dll+0x35adf5]
V  [jvm.dll+0x363016]
V  [jvm.dll+0x3b3b3e]
V  [jvm.dll+0x3b3dc5]
V  [jvm.dll+0x32b50a]
V  [jvm.dll+0x32c32b]
V  [jvm.dll+0x8112bf]
V  [jvm.dll+0x3c0d91]
V  [jvm.dll+0x7fcfe3]
V  [jvm.dll+0x44c76f]
V  [jvm.dll+0x44e0e1]
C  [jli.dll+0x5287]
C  [ucrtbase.dll+0x29363]
C  [KERNEL32.DLL+0x126ad]
C  [ntdll.dll+0x5aa68]


---------------  P R O C E S S  ---------------

Threads class SMR info:
_java_thread_list=0x00007ff82210a098, length=0, elements={
}

Java Threads: ( => current thread )

Other Threads:
  0x0000027f5c708d40 WorkerThread "GC Thread#0" [stack: 0x00000080f1d00000,0x00000080f1e00000] [id=18692]
  0x0000027f5c719aa0 ConcurrentGCThread "G1 Main Marker" [stack: 0x00000080f1e00000,0x00000080f1f00000] [id=19740]
  0x0000027f5c71ac70 WorkerThread "G1 Conc#0" [stack: 0x00000080f1f00000,0x00000080f2000000] [id=18288]

[error occurred during error reporting (printing all threads), id 0xc0000005, EXCEPTION_ACCESS_VIOLATION (0xc0000005) at pc=0x00007ff8218eeb47]
VM state: not at safepoint (not fully initialized)

VM Mutex/Monitor currently owned by a thread:  ([mutex/lock_event])
[0x0000027f5c6a7530] Heap_lock - owner thread: 0x0000027f5c6aae30

Heap address: 0x000000008a600000, size: 1882 MB, Compressed Oops mode: 32-bit

CDS archive(s) mapped at: [0x0000000000000000-0x0000000000000000-0x0000000000000000), size 0, SharedBaseAddress: 0x0000000800000000, ArchiveRelocationMode: 0.
Narrow klass base: 0x0000000000000000, Narrow klass shift: 0, Narrow klass range: 0x0

GC Precious Log:
 CardTable entry size: 512
 Card Set container configuration: InlinePtr #cards 5 size 8 Array Of Cards #cards 12 size 40 Howl #buckets 4 coarsen threshold 1843 Howl Bitmap #cards 512 size 80 coarsen threshold 460 Card regions per heap region 1 cards per card region 2048

Heap:
 garbage-first heap   total 0K, used 0K [0x000000008a600000, 0x0000000100000000)
  region size 1024K, 0 young (0K), 0 survivors (0K)

[error occurred during error reporting (printing heap information), id 0xc0000005, EXCEPTION_ACCESS_VIOLATION (0xc0000005) at pc=0x00007ff821cc3c59]
GC Heap History (0 events):
No events

Dll operation events (1 events):
Event: 0.009 Loaded shared library C:\Program Files\Java\jdk-20\bin\java.dll

Deoptimization events (0 events):
No events

Classes loaded (0 events):
No events

Classes unloaded (0 events):
No events

Classes redefined (0 events):
No events

Internal exceptions (0 events):
No events

VM Operations (0 events):
No events

Events (0 events):
No events


Dynamic libraries:
0x00007ff6ea2e0000 - 0x00007ff6ea2f0000 	C:\Program Files\Java\jdk-20\bin\java.exe
0x00007ff897890000 - 0x00007ff897aa4000 	C:\WINDOWS\SYSTEM32\ntdll.dll
0x00007ff896670000 - 0x00007ff896734000 	C:\WINDOWS\System32\KERNEL32.DLL
0x00007ff894e60000 - 0x00007ff895204000 	C:\WINDOWS\System32\KERNELBASE.dll
0x00007ff895530000 - 0x00007ff895641000 	C:\WINDOWS\System32\ucrtbase.dll
0x00007ff84c920000 - 0x00007ff84c93b000 	C:\Program Files\Java\jdk-20\bin\VCRUNTIME140.dll
0x00007ff84c900000 - 0x00007ff84c919000 	C:\Program Files\Java\jdk-20\bin\jli.dll
0x00007ff8962f0000 - 0x00007ff8963a0000 	C:\WINDOWS\System32\ADVAPI32.dll
0x00007ff895a00000 - 0x00007ff895aa7000 	C:\WINDOWS\System32\msvcrt.dll
0x00007ff896f90000 - 0x00007ff897036000 	C:\WINDOWS\System32\sechost.dll
0x00007ff895880000 - 0x00007ff895997000 	C:\WINDOWS\System32\RPCRT4.dll
0x00007ff897550000 - 0x00007ff8976fa000 	C:\WINDOWS\System32\USER32.dll
0x00007ff895500000 - 0x00007ff895526000 	C:\WINDOWS\System32\win32u.dll
0x00007ff87eda0000 - 0x00007ff87f02f000 	C:\WINDOWS\WinSxS\amd64_microsoft.windows.common-controls_6595b64144ccf1df_6.0.22621.2070_none_2713e6537381f706\COMCTL32.dll
0x00007ff8974e0000 - 0x00007ff897509000 	C:\WINDOWS\System32\GDI32.dll
0x00007ff895280000 - 0x00007ff895399000 	C:\WINDOWS\System32\gdi32full.dll
0x00007ff8953a0000 - 0x00007ff89543a000 	C:\WINDOWS\System32\msvcp_win.dll
0x00007ff88e2e0000 - 0x00007ff88e2ea000 	C:\WINDOWS\SYSTEM32\VERSION.dll
0x00007ff897510000 - 0x00007ff897541000 	C:\WINDOWS\System32\IMM32.DLL
0x00007ff853b60000 - 0x00007ff853b6c000 	C:\Program Files\Java\jdk-20\bin\vcruntime140_1.dll
0x00007ff8344e0000 - 0x00007ff83456e000 	C:\Program Files\Java\jdk-20\bin\msvcp140.dll
0x00007ff8215b0000 - 0x00007ff822247000 	C:\Program Files\Java\jdk-20\bin\server\jvm.dll
0x00007ff88c470000 - 0x00007ff88c4a4000 	C:\WINDOWS\SYSTEM32\WINMM.dll
0x00007ff86ffc0000 - 0x00007ff86ffc9000 	C:\WINDOWS\SYSTEM32\WSOCK32.dll
0x00007ff8965e0000 - 0x00007ff896651000 	C:\WINDOWS\System32\WS2_32.dll
0x00007ff893cb0000 - 0x00007ff893cc8000 	C:\WINDOWS\SYSTEM32\kernel.appcore.dll
0x00007ff853ab0000 - 0x00007ff853aba000 	C:\Program Files\Java\jdk-20\bin\jimage.dll
0x00007ff892100000 - 0x00007ff89232e000 	C:\WINDOWS\SYSTEM32\DBGHELP.DLL
0x00007ff896c00000 - 0x00007ff896f8a000 	C:\WINDOWS\System32\combase.dll
0x00007ff896740000 - 0x00007ff896817000 	C:\WINDOWS\System32\OLEAUT32.dll
0x00007ff878f50000 - 0x00007ff878f82000 	C:\WINDOWS\SYSTEM32\dbgcore.DLL
0x00007ff894de0000 - 0x00007ff894e5a000 	C:\WINDOWS\System32\bcryptPrimitives.dll
0x00007ff848780000 - 0x00007ff8487a6000 	C:\Program Files\Java\jdk-20\bin\java.dll

dbghelp: loaded successfully - version: 4.0.5 - missing functions: none
symbol engine: initialized successfully - sym options: 0x614 - pdb path: .;C:\Program Files\Java\jdk-20\bin;C:\WINDOWS\SYSTEM32;C:\WINDOWS\WinSxS\amd64_microsoft.windows.common-controls_6595b64144ccf1df_6.0.22621.2070_none_2713e6537381f706;C:\Program Files\Java\jdk-20\bin\server

VM Arguments:
jvm_args: -Dclassworlds.conf=C:\apache-maven-3.9.3\bin\m2.conf -Dmaven.home=C:\apache-maven-3.9.3 -Dlibrary.jansi.path=C:\apache-maven-3.9.3\lib\jansi-native -Dmaven.multiModuleProjectDirectory=C:\sts\petshop\PetShop 
java_command: org.codehaus.plexus.classworlds.launcher.Launcher clean install -X
java_class_path (initial): C:\apache-maven-3.9.3\boot\plexus-classworlds-2.7.0.jar
Launcher Type: SUN_STANDARD

[Global flags]
     intx CICompilerCount                          = 4                                         {product} {ergonomic}
     uint ConcGCThreads                            = 3                                         {product} {ergonomic}
     uint G1ConcRefinementThreads                  = 10                                        {product} {ergonomic}
   size_t G1HeapRegionSize                         = 1048576                                   {product} {ergonomic}
    uintx GCDrainStackTargetSize                   = 64                                        {product} {ergonomic}
   size_t InitialHeapSize                          = 123731968                                 {product} {ergonomic}
   size_t MarkStackSize                            = 4194304                                   {product} {ergonomic}
   size_t MaxHeapSize                              = 1973420032                                {product} {ergonomic}
   size_t MinHeapDeltaBytes                        = 1048576                                   {product} {ergonomic}
   size_t MinHeapSize                              = 8388608                                   {product} {ergonomic}
    uintx NonNMethodCodeHeapSize                   = 5839372                                {pd product} {ergonomic}
    uintx NonProfiledCodeHeapSize                  = 122909434                              {pd product} {ergonomic}
    uintx ProfiledCodeHeapSize                     = 122909434                              {pd product} {ergonomic}
    uintx ReservedCodeCacheSize                    = 251658240                              {pd product} {ergonomic}
     bool SegmentedCodeCache                       = true                                      {product} {ergonomic}
   size_t SoftMaxHeapSize                          = 1973420032                             {manageable} {ergonomic}
     bool UseCompressedClassPointers               = true                           {product lp64_product} {ergonomic}
     bool UseCompressedOops                        = true                           {product lp64_product} {ergonomic}
     bool UseG1GC                                  = true                                      {product} {ergonomic}
     bool UseLargePagesIndividualAllocation        = false                                  {pd product} {ergonomic}

Logging:
Log output configuration:
 #0: stdout all=warning uptime,level,tags foldmultilines=false
 #1: stderr all=off uptime,level,tags foldmultilines=false

Environment Variables:
JAVA_HOME=C:\Program Files\Java\jdk-20
PATH=C:\Program Files (x86)\Common Files\Intel\Shared Libraries\redist\intel64\compiler;C:\Program Files\Common Files\Oracle\Java\javapath;C:\Program Files\PlasticSCM5\server;C:\Program Files\PlasticSCM5\client;C:\Program Files (x86)\Common Files\Oracle\Java\javapath;C:\Program Files (x86)\NVIDIA Corporation\PhysX\Common;C:\app\56941\product\21c\dbhomeXE\bin;C:\ProgramData\Oracle\Java\javapath;C:\WINDOWS\system32;C:\WINDOWS;C:\WINDOWS\System32\Wbem;C:\WINDOWS\System32\WindowsPowerShell\v1.0\;C:\WINDOWS\System32\OpenSSH\;C:\Program Files\Git\cmd;C:\Strawberry\c\bin;C:\Strawberry\perl\site\bin;C:\Strawberry\perl\bin;C:\Program Files\nodejs\;C:\Program Files\Git LFS;C:\Program Files\dotnet\;C:\Program Files\MySQL\MySQL Shell 8.0\bin\;C:\Users\56941\AppData\Local\ActiveState\StateTool\release\bin;C:\Users\56941\AppData\Local\activestate\cache\bin;C:\Users\56941\AppData\Local\Programs\Python\Python310\Scripts\;C:\Users\56941\AppData\Local\Programs\Python\Python310\;C:\Users\56941\AppData\Local\Microsoft\WindowsApps;C:\Users\56941\AppData\Local\Programs\Microsoft VS Code\bin;C:\Users\56941\AppData\Local\GitHubDesktop\bin;C:\Program Files (x86)\Nmap;C:\Users\56941\AppData\Roaming\npm;C:\Users\56941\.dotnet\tools;C:\PHP8;C:\apache-maven-3.9.3\bin;
USERNAME=56941
OS=Windows_NT
PROCESSOR_IDENTIFIER=AMD64 Family 25 Model 80 Stepping 0, AuthenticAMD
TMP=C:\Users\56941\AppData\Local\Temp
TEMP=C:\Users\56941\AppData\Local\Temp




---------------  S Y S T E M  ---------------

OS:
 Windows 11 , 64 bit Build 22621 (10.0.22621.2070)
OS uptime: 5 days 9:43 hours

CPU: total 12 (initial active 12) (12 cores per cpu, 2 threads per core) family 25 model 80 stepping 0 microcode 0x0, cx8, cmov, fxsr, ht, mmx, 3dnowpref, sse, sse2, sse3, ssse3, sse4a, sse4.1, sse4.2, popcnt, lzcnt, tsc, tscinvbit, avx, avx2, aes, erms, clmul, bmi1, bmi2, adx, sha, fma, vzeroupper, clflush, clflushopt, rdtscp, rdpid, fsrm, f16c, pku, cet_ss

Memory: 4k page, system-wide physical 7524M (246M free)
TotalPageFile size 31076M (AvailPageFile size 110M)
current process WorkingSet (physical memory assigned to process): 11M, peak: 11M
current process commit charge ("private bytes"): 64M, peak: 182M

vm_info: Java HotSpot(TM) 64-Bit Server VM (20.0.1+9-29) for windows-amd64 JRE (20.0.1+9-29), built on 2023-03-07T13:56:11Z by "mach5one" with MS VC++ 17.1 (VS2022)

END.
